<?xml version="1.0" encoding="UTF-8"?>
<testsuite xmlns:xsi="http://www.w3.org/2001/XMLSchema-instance" xsi:noNamespaceSchemaLocation="https://maven.apache.org/surefire/maven-surefire-plugin/xsd/surefire-test-report.xsd" name="com.example.demo.TestGreeting" time="0.002" tests="3" errors="0" skipped="1" failures="0">
  <properties>
[...]
</properties>
  <testcase name="testGreetForNotNull" classname="com.example.demo.TestGreeting" time="0">
    <skipped/>
    <system-out><![CDATA[SETUP Method Called
]]></system-out>
  </testcase>
  <testcase name="testGreet" classname="com.example.demo.TestGreeting" time="0"/>
  <testcase name="testGreetMessageLength" classname="com.example.demo.TestGreeting" time="0"/>
</testsuite>